17:24:20.566 [main] INFO  o.a.AndroidAnnotationProcessor:84 - Initialize AndroidAnnotations 3.2 with options {}
17:24:20.662 [main] INFO  o.a.AndroidAnnotationProcessor:108 - Start processing for 13 annotations on 41 elements
17:24:20.714 [main] DEBUG o.a.h.AndroidManifestFinder:137 - AndroidManifest.xml file found in parent folder /Users/maoweiwei/Projects/AndroidWeekendWorkSpace/Machine-Android: /Users/maoweiwei/Projects/AndroidWeekendWorkSpace/Machine-Android/AndroidManifest.xml
17:24:20.719 [main] INFO  o.a.AndroidAnnotationProcessor:171 - AndroidManifest.xml found: AndroidManifest [applicationPackage=com.sunhydraulics.machine, componentQualifiedNames=[com.sunhydraulics.machine.SplashActivity_, com.sunhydraulics.machine.MainActivity_, com.sunhydraulics.machine.ProductDetailActivity_, com.sunhydraulics.machine.ProductListViewActivity_, com.sunhydraulics.machine.SingleImageActivity_], permissionQualifiedNames=[android.permission.MOUNT_UNMOUNT_FILESYSTEMS, android.permission.WRITE_EXTERNAL_STORAGE, android.permission.INTERNET, android.permission.WRITE_EXTERNAL_STORAGE, android.permission.ACCESS_NETWORK_STATE, android.permission.INTERNET], applicationClassName=com.sunhydraulics.machine.app.AppApplication_, libraryProject=false, debugabble=false, minSdkVersion=14, maxSdkVersion=-1, targetSdkVersion=19]
17:24:20.719 [main] INFO  o.a.r.ProjectRClassFinder:50 - Found project R class: com.sunhydraulics.machine.R
17:24:20.727 [main] INFO  o.a.r.AndroidRClassFinder:44 - Found Android class: android.R
17:24:20.756 [main] INFO  o.a.p.ModelValidator:42 - Validating elements
17:24:20.756 [main] DEBUG o.a.p.ModelValidator:62 - Validating with EApplicationHandler: [com.sunhydraulics.machine.app.AppApplication]
17:24:20.757 [main] DEBUG o.a.p.ModelValidator:62 - Validating with EActivityHandler: [com.sunhydraulics.machine.MainActivity, com.sunhydraulics.machine.ProductDetailActivity, com.sunhydraulics.machine.ProductListViewActivity, com.sunhydraulics.machine.SingleImageActivity, com.sunhydraulics.machine.SplashActivity]
17:24:20.770 [main] DEBUG o.a.p.ModelValidator:62 - Validating with EFragmentHandler: [com.sunhydraulics.machine.fragment.CopyOfIndexFragment, com.sunhydraulics.machine.fragment.FeedbackFragment, com.sunhydraulics.machine.fragment.IndexFragment, com.sunhydraulics.machine.fragment.SearchFragment, com.sunhydraulics.machine.fragment.WeekSingleImageFragment]
17:24:20.773 [main] DEBUG o.a.p.ModelValidator:62 - Validating with EViewGroupHandler: [com.sunhydraulics.machine.view.ProgressablePhotoView]
17:24:20.775 [main] DEBUG o.a.p.ModelValidator:62 - Validating with SharedPrefHandler: [com.sunhydraulics.machine.preferences.MyPref]
17:24:20.778 [main] DEBUG o.a.p.ModelValidator:62 - Validating with PrefHandler: [mPref, mPref]
17:24:20.780 [main] DEBUG o.a.p.ModelValidator:62 - Validating with ViewByIdHandler: [mViewPager, titleView, productimage, detailView, listView, viewpager, gv_gridview, ratioImageView, detailView, gv_gridview, editText, listView, loadingView, photoView, netError, imageView, progressBar]
17:24:20.787 [main] DEBUG o.a.p.ModelValidator:62 - Validating with ClickHandler: [onSearchClick(), onPageClicked()]
17:24:20.790 [main] DEBUG o.a.p.ModelValidator:62 - Validating with FragmentArgHandler: [onlyDownload, photo]
17:24:20.790 [main] DEBUG o.a.p.ModelValidator:62 - Validating with ExtraHandler: [productInfo, categoryChildItem, categoryItem, photos, currentPosition, onlyDownload]
17:24:20.791 [main] DEBUG o.a.p.ModelValidator:62 - Validating with AfterViewsHandler: [init(), init(), init(), init(), init(), init(), init(), init(), init(), init()]
17:24:20.792 [main] DEBUG o.a.p.ModelValidator:62 - Validating with UiThreadHandler: [showInfo(java.lang.String), showInfo(java.lang.String), showInfo(java.lang.String), showInfo(java.lang.String), showInfo(java.lang.String), toast(int)]
17:24:20.793 [main] DEBUG o.a.p.ModelValidator:62 - Validating with BackgroundHandler: [setWallpaperOrDownload(android.view.MenuItem)]
17:24:20.802 [main] INFO  o.a.p.ModelProcessor:69 - Processing root elements
17:24:20.803 [main] DEBUG o.a.p.ModelProcessor:160 - Processing root elements EApplicationHandler: [com.sunhydraulics.machine.app.AppApplication]
17:24:20.816 [main] DEBUG o.a.p.ModelProcessor:160 - Processing root elements EActivityHandler: [com.sunhydraulics.machine.SplashActivity, com.sunhydraulics.machine.ProductDetailActivity, com.sunhydraulics.machine.SingleImageActivity, com.sunhydraulics.machine.ProductListViewActivity, com.sunhydraulics.machine.MainActivity]
17:24:20.851 [main] DEBUG o.a.p.ModelProcessor:160 - Processing root elements EFragmentHandler: [com.sunhydraulics.machine.fragment.IndexFragment, com.sunhydraulics.machine.fragment.CopyOfIndexFragment, com.sunhydraulics.machine.fragment.FeedbackFragment, com.sunhydraulics.machine.fragment.WeekSingleImageFragment, com.sunhydraulics.machine.fragment.SearchFragment]
17:24:20.855 [main] DEBUG o.a.p.ModelProcessor:160 - Processing root elements EViewGroupHandler: [com.sunhydraulics.machine.view.ProgressablePhotoView]
17:24:20.857 [main] DEBUG o.a.p.ModelProcessor:160 - Processing root elements SharedPrefHandler: [com.sunhydraulics.machine.preferences.MyPref]
17:24:20.864 [main] INFO  o.a.p.ModelProcessor:77 - Processing enclosed elements
17:24:20.882 [main] INFO  o.a.AndroidAnnotationProcessor:250 - Number of files generated by AndroidAnnotations: 13
17:24:20.884 [main] INFO  o.a.g.ApiCodeGenerator:52 - Writting following API classes in project: []
17:24:20.885 [main] DEBUG o.a.g.SourceCodewriter:55 - Generating class: com.sunhydraulics.machine.fragment.CopyOfIndexFragment_
17:24:20.910 [main] DEBUG o.a.g.SourceCodewriter:55 - Generating class: com.sunhydraulics.machine.fragment.FeedbackFragment_
17:24:20.923 [main] DEBUG o.a.g.SourceCodewriter:55 - Generating class: com.sunhydraulics.machine.fragment.IndexFragment_
17:24:20.937 [main] DEBUG o.a.g.SourceCodewriter:55 - Generating class: com.sunhydraulics.machine.fragment.SearchFragment_
17:24:20.949 [main] DEBUG o.a.g.SourceCodewriter:55 - Generating class: com.sunhydraulics.machine.fragment.WeekSingleImageFragment_
17:24:20.960 [main] DEBUG o.a.g.SourceCodewriter:55 - Generating class: com.sunhydraulics.machine.view.ProgressablePhotoView_
17:24:20.966 [main] DEBUG o.a.g.SourceCodewriter:55 - Generating class: com.sunhydraulics.machine.preferences.MyPref_
17:24:20.970 [main] DEBUG o.a.g.SourceCodewriter:55 - Generating class: com.sunhydraulics.machine.MainActivity_
17:24:20.979 [main] DEBUG o.a.g.SourceCodewriter:55 - Generating class: com.sunhydraulics.machine.ProductDetailActivity_
17:24:20.990 [main] DEBUG o.a.g.SourceCodewriter:55 - Generating class: com.sunhydraulics.machine.ProductListViewActivity_
17:24:21.1 [main] DEBUG o.a.g.SourceCodewriter:55 - Generating class: com.sunhydraulics.machine.SingleImageActivity_
17:24:21.11 [main] DEBUG o.a.g.SourceCodewriter:55 - Generating class: com.sunhydraulics.machine.SplashActivity_
17:24:21.19 [main] DEBUG o.a.g.SourceCodewriter:55 - Generating class: com.sunhydraulics.machine.app.AppApplication_
17:24:21.21 [main] INFO  o.a.p.TimeStats:81 - Time measurements: [Whole Processing = 359 ms], [Generate Sources = 139 ms], [Process Annotations = 88 ms], [Extract Annotations = 48 ms], [Validate Annotations = 39 ms], [Find R Classes = 28 ms], [Extract Manifest = 7 ms], 
17:24:21.22 [main] INFO  o.a.AndroidAnnotationProcessor:122 - Finish processing
